2028 16:31:32 ok
2028 16:32:54 ok
2028 16:33:48 ok
2028 16:36:58 ok
2028 16:48:18 ok
2028 16:49:0 ok
2028 16:49:1 Error: ENOENT: no such file or directory, open '/root/nodejs/mvc/data/upload/2019/6/3/【线上模板】入驻入孵协议定稿.docx'
2028 16:49:1 Error: ENOENT: no such file or directory, open '/root/nodejs/mvc/data/upload/2019/6/3/【线上模板】入驻入孵协议定稿.docx'
2028 16:49:44 ok
2028 16:49:45 Error: ENOENT: no such file or directory, open '/root/nodejs/mvc/data/upload/2019/6/3/【线上模板】入驻入孵协议定稿.docx'
2028 16:49:45 Error: ENOENT: no such file or directory, open '/root/nodejs/mvc/data/upload/2019/6/3/【线上模板】入驻入孵协议定稿.docx'
2028 16:50:33 ok
2028 16:55:54 ok
2028 16:55:54 Error: ENOENT: no such file or directory, open '/root/nodejs/mvc/data/upload/2019/6/3/【线上模板】入驻入孵协议定稿.docx'
2028 16:55:54 Error: ENOENT: no such file or directory, open '/root/nodejs/mvc/data/upload/2019/6/3/【线上模板】入驻入孵协议定稿.docx'
2028 16:55:54 mkdir error:Error: ENOENT: no such file or directory, mkdir '/root/nodejs/mvc/data/upload/2019/6/3'
2028 16:55:54 mkdir error:Error: ENOENT: no such file or directory, mkdir '/root/nodejs/mvc/data/upload/2019/6/3'
2028 17:0:15 ok
2028 17:0:15 Error: ENOENT: no such file or directory, open '/root/nodejs/mvc/data/upload/2019/6/3/【线上模板】入驻入孵协议定稿.docx'
2028 17:0:15 Error: ENOENT: no such file or directory, open '/root/nodejs/mvc/data/upload/2019/6/3/【线上模板】入驻入孵协议定稿.docx'
2028 17:0:15 mkdir error:Error: ENOENT: no such file or directory, mkdir '/root/nodejs/mvc/data/upload/2019/6/3'
2028 17:0:15 mkdir error:Error: ENOENT: no such file or directory, mkdir '/root/nodejs/mvc/data/upload/2019/6/3'
2028 17:2:29 ok
2028 17:2:30 undefined
2028 17:2:30 undefined
2028 17:2:30 mkdir error:Error: ENOENT: no such file or directory, mkdir '/root/nodejs/mvc/data/upload/2019/6/3'
2028 17:2:30 mkdir error:Error: ENOENT: no such file or directory, mkdir '/root/nodejs/mvc/data/upload/2019/6/3'
2028 17:4:37 ok
2028 17:4:37 undefined
2028 17:4:37 undefined
2028 17:4:37 mkdir error:Error: ENOENT: no such file or directory, mkdir '/root/nodejs/mvc/data/upload/2019/6/3'
2028 17:4:37 mkdir error:Error: ENOENT: no such file or directory, mkdir '/root/nodejs/mvc/data/upload/2019/6/3'
2028 17:14:9 ok
2028 17:14:9 undefined
2028 17:14:9 undefined
2028 17:15:53 ok
2028 17:17:39 ok
2028 17:18:6 ok
2028 17:18:57 ok
2028 17:21:26 ok
2028 17:21:26 undefined
2028 17:21:26 undefined
2028 17:22:35 ok
2028 17:22:35 undefined
2028 17:22:35 undefined
2028 17:23:18 ok
2028 17:23:18 undefined
2028 17:23:18 undefined
2028 17:24:14 ok
2028 17:24:14 undefined
2028 17:24:14 undefined
2028 17:25:18 ok
2028 17:25:18 undefined
2028 17:25:18 undefined
2028 17:26:29 ok
2028 17:26:29 undefined
2028 17:26:29 undefined
2028 17:39:29 null
2028 17:40:18 null
2028 17:57:13 null
2028 18:25:17 okrr
201963 18:38:8 okrr
